--------------------------------------------------------------------------------
Release 14.7 Trace  (nt64)
Copyright (c) 1995-2013 Xilinx, Inc.  All rights reserved.

F:\Xilinx\14.7\ISE_DS\ISE\bin\nt64\unwrapped\trce.exe -intstyle ise -v 3 -s 1
-n 3 -fastpaths -xml top.twx top.ncd -o top.twr top.pcf -ucf k.ucf

Design file:              top.ncd
Physical constraint file: top.pcf
Device,package,speed:     xc7k160t,fbg676,C,-1 (PRODUCTION 1.10 2013-10-13)
Report level:             verbose report

Environment Variable      Effect 
--------------------      ------ 
NONE                      No environment variables were set
--------------------------------------------------------------------------------

INFO:Timing:2698 - No timing constraints found, doing default enumeration.
INFO:Timing:3412 - To improve timing, see the Timing Closure User Guide (UG612).
INFO:Timing:2752 - To get complete path coverage, use the unconstrained paths 
   option. All paths that are not constrained will be reported in the 
   unconstrained paths section(s) of the report.
INFO:Timing:3339 - The clock-to-out numbers in this timing report are based on 
   a 50 Ohm transmission line loading model.  For the details of this model, 
   and for more information on accounting for different loading conditions, 
   please see the device datasheet.



Data Sheet report:
-----------------
All values displayed in nanoseconds (ns)

Clock clk to Pad
------------+-----------------+------------+-----------------+------------+------------------+--------+
            |Max (slowest) clk|  Process   |Min (fastest) clk|  Process   |                  | Clock  |
Destination |  (edge) to PAD  |   Corner   |  (edge) to PAD  |   Corner   |Internal Clock(s) | Phase  |
------------+-----------------+------------+-----------------+------------+------------------+--------+
AN<0>       |        13.145(R)|      SLOW  |         4.750(R)|      FAST  |clk_BUFGP         |   0.000|
AN<1>       |        12.956(R)|      SLOW  |         4.651(R)|      FAST  |clk_BUFGP         |   0.000|
AN<2>       |        12.942(R)|      SLOW  |         4.678(R)|      FAST  |clk_BUFGP         |   0.000|
AN<3>       |        12.932(R)|      SLOW  |         4.698(R)|      FAST  |clk_BUFGP         |   0.000|
SEGMENT<0>  |        16.588(R)|      SLOW  |         5.697(R)|      FAST  |clk_BUFGP         |   0.000|
SEGMENT<1>  |        16.968(R)|      SLOW  |         5.599(R)|      FAST  |clk_BUFGP         |   0.000|
SEGMENT<2>  |        16.698(R)|      SLOW  |         5.430(R)|      FAST  |clk_BUFGP         |   0.000|
SEGMENT<3>  |        16.766(R)|      SLOW  |         5.647(R)|      FAST  |clk_BUFGP         |   0.000|
SEGMENT<4>  |        16.620(R)|      SLOW  |         5.425(R)|      FAST  |clk_BUFGP         |   0.000|
SEGMENT<5>  |        16.502(R)|      SLOW  |         5.338(R)|      FAST  |clk_BUFGP         |   0.000|
SEGMENT<6>  |        16.724(R)|      SLOW  |         5.345(R)|      FAST  |clk_BUFGP         |   0.000|
SEGMENT<7>  |        15.323(R)|      SLOW  |         5.860(R)|      FAST  |clk_BUFGP         |   0.000|
------------+-----------------+------------+-----------------+------------+------------------+--------+

Clock to Setup on destination clock clk
---------------+---------+---------+---------+---------+
               | Src:Rise| Src:Fall| Src:Rise| Src:Fall|
Source Clock   |Dest:Rise|Dest:Rise|Dest:Fall|Dest:Fall|
---------------+---------+---------+---------+---------+
clk            |    1.373|         |         |         |
---------------+---------+---------+---------+---------+

Pad to Pad
---------------+---------------+---------+
Source Pad     |Destination Pad|  Delay  |
---------------+---------------+---------+
SW2<0>         |SEGMENT<0>     |   14.561|
SW2<0>         |SEGMENT<1>     |   15.100|
SW2<0>         |SEGMENT<2>     |   14.466|
SW2<0>         |SEGMENT<3>     |   14.682|
SW2<0>         |SEGMENT<4>     |   14.480|
SW2<0>         |SEGMENT<5>     |   14.667|
SW2<0>         |SEGMENT<6>     |   14.259|
SW2<1>         |SEGMENT<0>     |   13.303|
SW2<1>         |SEGMENT<1>     |   13.896|
SW2<1>         |SEGMENT<2>     |   13.262|
SW2<1>         |SEGMENT<3>     |   13.478|
SW2<1>         |SEGMENT<4>     |   13.276|
SW2<1>         |SEGMENT<5>     |   13.430|
SW2<1>         |SEGMENT<6>     |   13.055|
SW<0>          |SEGMENT<7>     |    9.075|
SW<1>          |SEGMENT<7>     |    9.214|
SW<2>          |SEGMENT<7>     |    9.176|
SW<3>          |SEGMENT<7>     |    8.960|
SW<4>          |SEGMENT<0>     |   10.150|
SW<4>          |SEGMENT<1>     |   10.442|
SW<4>          |SEGMENT<2>     |   10.260|
SW<4>          |SEGMENT<3>     |   10.328|
SW<4>          |SEGMENT<4>     |   10.182|
SW<4>          |SEGMENT<5>     |    9.837|
SW<4>          |SEGMENT<6>     |   10.286|
SW<5>          |SEGMENT<0>     |   10.241|
SW<5>          |SEGMENT<1>     |   10.533|
SW<5>          |SEGMENT<2>     |   10.351|
SW<5>          |SEGMENT<3>     |   10.419|
SW<5>          |SEGMENT<4>     |   10.273|
SW<5>          |SEGMENT<5>     |    9.928|
SW<5>          |SEGMENT<6>     |   10.377|
SW<6>          |SEGMENT<0>     |   10.336|
SW<6>          |SEGMENT<1>     |   10.628|
SW<6>          |SEGMENT<2>     |   10.446|
SW<6>          |SEGMENT<3>     |   10.514|
SW<6>          |SEGMENT<4>     |   10.368|
SW<6>          |SEGMENT<5>     |   10.023|
SW<6>          |SEGMENT<6>     |   10.472|
SW<7>          |SEGMENT<0>     |   10.094|
SW<7>          |SEGMENT<1>     |   10.386|
SW<7>          |SEGMENT<2>     |   10.204|
SW<7>          |SEGMENT<3>     |   10.272|
SW<7>          |SEGMENT<4>     |   10.126|
SW<7>          |SEGMENT<5>     |    9.781|
SW<7>          |SEGMENT<6>     |   10.230|
---------------+---------------+---------+


Analysis completed Mon Nov 14 16:18:00 2022 
--------------------------------------------------------------------------------

Trace Settings:
-------------------------
Trace Settings 

Peak Memory Usage: 5101 MB



