Running: F:\Xilinx\14.7\ISE_DS\ISE\bin\nt\unwrapped\fuse.exe -intstyle ise -incremental -lib unisims_ver -lib unimacro_ver -lib xilinxcorelib_ver -lib secureip -o E:/SOPHOMORE_AW/Digital Logic Design/lab/lab5/D_74LS138_SCH/D_74LS138_D_74LS138_sch_tb_isim_beh.exe -prj E:/SOPHOMORE_AW/Digital Logic Design/lab/lab5/D_74LS138_SCH/D_74LS138_D_74LS138_sch_tb_beh.prj work.D_74LS138_D_74LS138_sch_tb work.glbl 
ISim P.20131013 (signature 0x8ef4fb42)
Number of CPUs detected in this system: 16
Turning on mult-threading, number of parallel sub-compilation jobs: 32 
Determining compilation order of HDL files
Analyzing Verilog file "E:/SOPHOMORE_AW/Digital Logic Design/lab/lab5/D_74LS138_SCH/D_74LS138.vf" into library work
Analyzing Verilog file "E:/SOPHOMORE_AW/Digital Logic Design/lab/lab5/D_74LS138_SCH/D_74LS138_SCH_sim.v" into library work
Analyzing Verilog file "F:/Xilinx/14.7/ISE_DS/ISE//verilog/src/glbl.v" into library work
Starting static elaboration
Completed static elaboration
Fuse Memory Usage: 160292 KB
Fuse CPU Usage: 249 ms
Compiling module INV
Compiling module AND2
Compiling module NAND3
Compiling module NOR3
Compiling module D_74LS138
Compiling module D_74LS138_D_74LS138_sch_tb
Compiling module glbl
Time Resolution for simulation is 1ps.
Waiting for 1 sub-compilation(s) to finish...
Compiled 7 Verilog Units
Built simulation executable E:/SOPHOMORE_AW/Digital Logic Design/lab/lab5/D_74LS138_SCH/D_74LS138_D_74LS138_sch_tb_isim_beh.exe
Fuse Memory Usage: 167004 KB
Fuse CPU Usage: 359 ms
