Running: C:\Xilinx\14.7\ISE_DS\ISE\bin\nt64\unwrapped\fuse.exe -intstyle ise -incremental -lib unisims_ver -lib unimacro_ver -lib xilinxcorelib_ver -lib secureip -o F:/LampCtrl_sch/LampCtrl_LampCtrl_sch_tb_isim_beh.exe -prj F:/LampCtrl_sch/LampCtrl_LampCtrl_sch_tb_beh.prj work.LampCtrl_LampCtrl_sch_tb work.glbl 
ISim P.20131013 (signature 0x7708f090)
Number of CPUs detected in this system: 4
Turning on mult-threading, number of parallel sub-compilation jobs: 8 
Determining compilation order of HDL files
Analyzing Verilog file "F:/LampCtrl_sch/LampCtrl.vf" into library work
Analyzing Verilog file "F:/LampCtrl_sch/LampCtrl_sim.v" into library work
Analyzing Verilog file "C:/Xilinx/14.7/ISE_DS/ISE//verilog/src/glbl.v" into library work
Starting static elaboration
Completed static elaboration
Compiling module INV
Compiling module AND3
Compiling module OR4
Compiling module LampCtrl
Compiling module LampCtrl_LampCtrl_sch_tb
Compiling module glbl
Time Resolution for simulation is 1ps.
Compiled 6 Verilog Units
Built simulation executable F:/LampCtrl_sch/LampCtrl_LampCtrl_sch_tb_isim_beh.exe
Fuse Memory Usage: 28868 KB
Fuse CPU Usage: 483 ms
