--------------------------------------------------------------------------------
Release 14.7 Trace  (nt64)
Copyright (c) 1995-2013 Xilinx, Inc.  All rights reserved.

F:\Xilinx\14.7\ISE_DS\ISE\bin\nt64\unwrapped\trce.exe -intstyle ise -v 3 -s 1
-n 3 -fastpaths -xml top.twx top.ncd -o top.twr top.pcf -ucf K7.ucf

Design file:              top.ncd
Physical constraint file: top.pcf
Device,package,speed:     xc7k160t,ffg676,C,-1 (PRODUCTION 1.10 2013-10-13)
Report level:             verbose report

Environment Variable      Effect 
--------------------      ------ 
NONE                      No environment variables were set
--------------------------------------------------------------------------------

INFO:Timing:2698 - No timing constraints found, doing default enumeration.
INFO:Timing:3412 - To improve timing, see the Timing Closure User Guide (UG612).
INFO:Timing:2752 - To get complete path coverage, use the unconstrained paths 
   option. All paths that are not constrained will be reported in the 
   unconstrained paths section(s) of the report.
INFO:Timing:3339 - The clock-to-out numbers in this timing report are based on 
   a 50 Ohm transmission line loading model.  For the details of this model, 
   and for more information on accounting for different loading conditions, 
   please see the device datasheet.



Data Sheet report:
-----------------
All values displayed in nanoseconds (ns)

Clock btn<0> to Pad
------------+-----------------+------------+-----------------+------------+------------------+--------+
            |Max (slowest) clk|  Process   |Min (fastest) clk|  Process   |                  | Clock  |
Destination |  (edge) to PAD  |   Corner   |  (edge) to PAD  |   Corner   |Internal Clock(s) | Phase  |
------------+-----------------+------------+-----------------+------------+------------------+--------+
SEGMENT<0>  |        14.280(R)|      SLOW  |         5.356(R)|      FAST  |btn_0_BUFGP       |   0.000|
SEGMENT<1>  |        14.377(R)|      SLOW  |         5.306(R)|      FAST  |btn_0_BUFGP       |   0.000|
SEGMENT<2>  |        14.010(R)|      SLOW  |         5.184(R)|      FAST  |btn_0_BUFGP       |   0.000|
SEGMENT<3>  |        14.467(R)|      SLOW  |         5.216(R)|      FAST  |btn_0_BUFGP       |   0.000|
SEGMENT<4>  |        13.558(R)|      SLOW  |         5.127(R)|      FAST  |btn_0_BUFGP       |   0.000|
SEGMENT<5>  |        13.889(R)|      SLOW  |         5.295(R)|      FAST  |btn_0_BUFGP       |   0.000|
SEGMENT<6>  |        13.490(R)|      SLOW  |         5.144(R)|      FAST  |btn_0_BUFGP       |   0.000|
------------+-----------------+------------+-----------------+------------+------------------+--------+

Clock btn<1> to Pad
------------+-----------------+------------+-----------------+------------+------------------+--------+
            |Max (slowest) clk|  Process   |Min (fastest) clk|  Process   |                  | Clock  |
Destination |  (edge) to PAD  |   Corner   |  (edge) to PAD  |   Corner   |Internal Clock(s) | Phase  |
------------+-----------------+------------+-----------------+------------+------------------+--------+
SEGMENT<0>  |        14.372(R)|      SLOW  |         5.309(R)|      FAST  |btn_1_BUFGP       |   0.000|
SEGMENT<1>  |        14.482(R)|      SLOW  |         5.316(R)|      FAST  |btn_1_BUFGP       |   0.000|
SEGMENT<2>  |        14.115(R)|      SLOW  |         5.194(R)|      FAST  |btn_1_BUFGP       |   0.000|
SEGMENT<3>  |        14.448(R)|      SLOW  |         5.226(R)|      FAST  |btn_1_BUFGP       |   0.000|
SEGMENT<4>  |        13.539(R)|      SLOW  |         5.137(R)|      FAST  |btn_1_BUFGP       |   0.000|
SEGMENT<5>  |        13.991(R)|      SLOW  |         5.187(R)|      FAST  |btn_1_BUFGP       |   0.000|
SEGMENT<6>  |        13.592(R)|      SLOW  |         5.082(R)|      FAST  |btn_1_BUFGP       |   0.000|
------------+-----------------+------------+-----------------+------------+------------------+--------+

Clock btn<2> to Pad
------------+-----------------+------------+-----------------+------------+------------------+--------+
            |Max (slowest) clk|  Process   |Min (fastest) clk|  Process   |                  | Clock  |
Destination |  (edge) to PAD  |   Corner   |  (edge) to PAD  |   Corner   |Internal Clock(s) | Phase  |
------------+-----------------+------------+-----------------+------------+------------------+--------+
SEGMENT<0>  |        15.166(R)|      SLOW  |         5.645(R)|      FAST  |btn_2_BUFGP       |   0.000|
SEGMENT<1>  |        15.276(R)|      SLOW  |         5.578(R)|      FAST  |btn_2_BUFGP       |   0.000|
SEGMENT<2>  |        14.909(R)|      SLOW  |         5.613(R)|      FAST  |btn_2_BUFGP       |   0.000|
SEGMENT<3>  |        15.294(R)|      SLOW  |         5.580(R)|      FAST  |btn_2_BUFGP       |   0.000|
SEGMENT<4>  |        14.259(R)|      SLOW  |         5.512(R)|      FAST  |btn_2_BUFGP       |   0.000|
SEGMENT<5>  |        14.942(R)|      SLOW  |         5.523(R)|      FAST  |btn_2_BUFGP       |   0.000|
SEGMENT<6>  |        14.543(R)|      SLOW  |         5.418(R)|      FAST  |btn_2_BUFGP       |   0.000|
------------+-----------------+------------+-----------------+------------+------------------+--------+

Clock btn<3> to Pad
------------+-----------------+------------+-----------------+------------+------------------+--------+
            |Max (slowest) clk|  Process   |Min (fastest) clk|  Process   |                  | Clock  |
Destination |  (edge) to PAD  |   Corner   |  (edge) to PAD  |   Corner   |Internal Clock(s) | Phase  |
------------+-----------------+------------+-----------------+------------+------------------+--------+
SEGMENT<0>  |        15.290(R)|      SLOW  |         5.575(R)|      FAST  |btn_3_BUFGP       |   0.000|
SEGMENT<1>  |        15.077(R)|      SLOW  |         5.614(R)|      FAST  |btn_3_BUFGP       |   0.000|
SEGMENT<2>  |        14.754(R)|      SLOW  |         5.550(R)|      FAST  |btn_3_BUFGP       |   0.000|
SEGMENT<3>  |        15.499(R)|      SLOW  |         5.582(R)|      FAST  |btn_3_BUFGP       |   0.000|
SEGMENT<4>  |        14.590(R)|      SLOW  |         5.451(R)|      FAST  |btn_3_BUFGP       |   0.000|
SEGMENT<5>  |        14.820(R)|      SLOW  |         5.453(R)|      FAST  |btn_3_BUFGP       |   0.000|
SEGMENT<6>  |        14.421(R)|      SLOW  |         5.348(R)|      FAST  |btn_3_BUFGP       |   0.000|
------------+-----------------+------------+-----------------+------------+------------------+--------+

Clock clk to Pad
------------+-----------------+------------+-----------------+------------+------------------+--------+
            |Max (slowest) clk|  Process   |Min (fastest) clk|  Process   |                  | Clock  |
Destination |  (edge) to PAD  |   Corner   |  (edge) to PAD  |   Corner   |Internal Clock(s) | Phase  |
------------+-----------------+------------+-----------------+------------+------------------+--------+
AN<0>       |        12.214(R)|      SLOW  |         4.660(R)|      FAST  |clk_BUFGP         |   0.000|
AN<1>       |        12.236(R)|      SLOW  |         4.655(R)|      FAST  |clk_BUFGP         |   0.000|
AN<2>       |        12.088(R)|      SLOW  |         4.595(R)|      FAST  |clk_BUFGP         |   0.000|
AN<3>       |        12.133(R)|      SLOW  |         4.612(R)|      FAST  |clk_BUFGP         |   0.000|
SEGMENT<0>  |        16.313(R)|      SLOW  |         5.106(R)|      FAST  |clk_BUFGP         |   0.000|
SEGMENT<1>  |        16.523(R)|      SLOW  |         4.970(R)|      FAST  |clk_BUFGP         |   0.000|
SEGMENT<2>  |        16.700(R)|      SLOW  |         4.934(R)|      FAST  |clk_BUFGP         |   0.000|
SEGMENT<3>  |        16.279(R)|      SLOW  |         4.966(R)|      FAST  |clk_BUFGP         |   0.000|
SEGMENT<4>  |        16.134(R)|      SLOW  |         4.877(R)|      FAST  |clk_BUFGP         |   0.000|
SEGMENT<5>  |        16.693(R)|      SLOW  |         5.007(R)|      FAST  |clk_BUFGP         |   0.000|
SEGMENT<6>  |        16.509(R)|      SLOW  |         4.793(R)|      FAST  |clk_BUFGP         |   0.000|
SEGMENT<7>  |        15.464(R)|      SLOW  |         6.058(R)|      FAST  |clk_BUFGP         |   0.000|
------------+-----------------+------------+-----------------+------------+------------------+--------+

Clock to Setup on destination clock btn<0>
---------------+---------+---------+---------+---------+
               | Src:Rise| Src:Fall| Src:Rise| Src:Fall|
Source Clock   |Dest:Rise|Dest:Rise|Dest:Fall|Dest:Fall|
---------------+---------+---------+---------+---------+
btn<0>         |    0.809|         |         |         |
---------------+---------+---------+---------+---------+

Clock to Setup on destination clock btn<1>
---------------+---------+---------+---------+---------+
               | Src:Rise| Src:Fall| Src:Rise| Src:Fall|
Source Clock   |Dest:Rise|Dest:Rise|Dest:Fall|Dest:Fall|
---------------+---------+---------+---------+---------+
btn<1>         |    0.802|         |         |         |
---------------+---------+---------+---------+---------+

Clock to Setup on destination clock btn<2>
---------------+---------+---------+---------+---------+
               | Src:Rise| Src:Fall| Src:Rise| Src:Fall|
Source Clock   |Dest:Rise|Dest:Rise|Dest:Fall|Dest:Fall|
---------------+---------+---------+---------+---------+
btn<2>         |    0.801|         |         |         |
---------------+---------+---------+---------+---------+

Clock to Setup on destination clock btn<3>
---------------+---------+---------+---------+---------+
               | Src:Rise| Src:Fall| Src:Rise| Src:Fall|
Source Clock   |Dest:Rise|Dest:Rise|Dest:Fall|Dest:Fall|
---------------+---------+---------+---------+---------+
btn<3>         |    0.801|         |         |         |
---------------+---------+---------+---------+---------+

Clock to Setup on destination clock clk
---------------+---------+---------+---------+---------+
               | Src:Rise| Src:Fall| Src:Rise| Src:Fall|
Source Clock   |Dest:Rise|Dest:Rise|Dest:Fall|Dest:Fall|
---------------+---------+---------+---------+---------+
clk            |    1.379|         |         |         |
---------------+---------+---------+---------+---------+

Pad to Pad
---------------+---------------+---------+
Source Pad     |Destination Pad|  Delay  |
---------------+---------------+---------+
SW<0>          |SEGMENT<7>     |    8.913|
SW<1>          |SEGMENT<7>     |    9.226|
SW<2>          |SEGMENT<7>     |    9.163|
SW<3>          |SEGMENT<7>     |    9.054|
SW<4>          |SEGMENT<0>     |   10.258|
SW<4>          |SEGMENT<1>     |   10.468|
SW<4>          |SEGMENT<2>     |   10.645|
SW<4>          |SEGMENT<3>     |   10.224|
SW<4>          |SEGMENT<4>     |   10.079|
SW<4>          |SEGMENT<5>     |   10.638|
SW<4>          |SEGMENT<6>     |   10.454|
SW<5>          |SEGMENT<0>     |   10.128|
SW<5>          |SEGMENT<1>     |   10.338|
SW<5>          |SEGMENT<2>     |   10.515|
SW<5>          |SEGMENT<3>     |   10.094|
SW<5>          |SEGMENT<4>     |    9.949|
SW<5>          |SEGMENT<5>     |   10.508|
SW<5>          |SEGMENT<6>     |   10.324|
SW<6>          |SEGMENT<0>     |    9.894|
SW<6>          |SEGMENT<1>     |   10.104|
SW<6>          |SEGMENT<2>     |   10.281|
SW<6>          |SEGMENT<3>     |    9.860|
SW<6>          |SEGMENT<4>     |    9.715|
SW<6>          |SEGMENT<5>     |   10.274|
SW<6>          |SEGMENT<6>     |   10.090|
SW<7>          |SEGMENT<0>     |   10.061|
SW<7>          |SEGMENT<1>     |   10.271|
SW<7>          |SEGMENT<2>     |   10.448|
SW<7>          |SEGMENT<3>     |   10.027|
SW<7>          |SEGMENT<4>     |    9.882|
SW<7>          |SEGMENT<5>     |   10.441|
SW<7>          |SEGMENT<6>     |   10.257|
---------------+---------------+---------+


Analysis completed Mon Oct 31 17:05:44 2022 
--------------------------------------------------------------------------------

Trace Settings:
-------------------------
Trace Settings 

Peak Memory Usage: 5100 MB



